<?xml version="1.0" encoding="UTF-8"?>
<!-- Generated by org.testng.reporters.JUnitReportReporter -->
<testsuite skipped="0" hostname="user-PC" name="com.automation.Ecommerce.TC001_Login" tests="1" failures="0" timestamp="31 May 2018 08:04:51 GMT" time="14.798" errors="0">
  <testcase name="login" time="14.798" classname="com.automation.Ecommerce.TC001_Login"/>
</testsuite> <!-- com.automation.Ecommerce.TC001_Login -->
