<?xml version="1.0" encoding="UTF-8"?>
<!-- Generated by org.testng.reporters.JUnitReportReporter -->
<testsuite skipped="0" hostname="user-PC" name="com.automation.Ecommerce.TC001_Login" tests="1" failures="0" timestamp="01 Jun 2018 04:32:25 GMT" time="8.832" errors="0">
  <testcase name="login" time="8.832" classname="com.automation.Ecommerce.TC001_Login"/>
</testsuite> <!-- com.automation.Ecommerce.TC001_Login -->
